2024-09-16T23:47:11.458+07:00  INFO 27860 --- [Aplikasi APIstudycase Springbeaidil] [main] s.s.controller.AccountControllerTest     : Starting AccountControllerTest using Java 22.0.2 with PID 27860 (started by Aidil Adam in E:\Study Case Bank Maybank Malaysia\aplikasi-apistudycase-springbeaidil\aplikasi-apistudycase-springbeaidil)
2024-09-16T23:47:11.474+07:00  INFO 27860 --- [Aplikasi APIstudycase Springbeaidil] [main] s.s.controller.AccountControllerTest     : No active profile set, falling back to 1 default profile: "default"
2024-09-16T23:47:12.522+07:00  INFO 27860 --- [Aplikasi APIstudycase Springbeaidil] [main] .s.d.r.c.RepositoryConfigurationDelegate : Bootstrapping Spring Data JPA repositories in DEFAULT mode.
2024-09-16T23:47:12.644+07:00  INFO 27860 --- [Aplikasi APIstudycase Springbeaidil] [main] .s.d.r.c.RepositoryConfigurationDelegate : Finished Spring Data repository scanning in 102 ms. Found 1 JPA repository interface.
2024-09-16T23:47:14.590+07:00  INFO 27860 --- [Aplikasi APIstudycase Springbeaidil] [main] o.s.b.w.embedded.tomcat.TomcatWebServer  : Tomcat initialized with port 0 (http)
2024-09-16T23:47:14.623+07:00  INFO 27860 --- [Aplikasi APIstudycase Springbeaidil] [main] o.apache.catalina.core.StandardService   : Starting service [Tomcat]
2024-09-16T23:47:14.624+07:00  INFO 27860 --- [Aplikasi APIstudycase Springbeaidil] [main] o.apache.catalina.core.StandardEngine    : Starting Servlet engine: [Apache Tomcat/10.1.28]
2024-09-16T23:47:14.747+07:00  INFO 27860 --- [Aplikasi APIstudycase Springbeaidil] [main] o.a.c.c.C.[Tomcat].[localhost].[/]       : Initializing Spring embedded WebApplicationContext
2024-09-16T23:47:14.748+07:00  INFO 27860 --- [Aplikasi APIstudycase Springbeaidil] [main] w.s.c.ServletWebServerApplicationContext : Root WebApplicationContext: initialization completed in 3242 ms
2024-09-16T23:47:15.034+07:00  INFO 27860 --- [Aplikasi APIstudycase Springbeaidil] [main] o.hibernate.jpa.internal.util.LogHelper  : HHH000204: Processing PersistenceUnitInfo [name: default]
2024-09-16T23:47:15.133+07:00  INFO 27860 --- [Aplikasi APIstudycase Springbeaidil] [main] org.hibernate.Version                    : HHH000412: Hibernate ORM core version 6.5.2.Final
2024-09-16T23:47:15.204+07:00  INFO 27860 --- [Aplikasi APIstudycase Springbeaidil] [main] o.h.c.internal.RegionFactoryInitiator    : HHH000026: Second-level cache disabled
2024-09-16T23:47:15.430+07:00  INFO 27860 --- [Aplikasi APIstudycase Springbeaidil] [main] o.s.o.j.p.SpringPersistenceUnitInfo      : No LoadTimeWeaver setup: ignoring JPA class transformer
2024-09-16T23:47:15.472+07:00  INFO 27860 --- [Aplikasi APIstudycase Springbeaidil] [main] com.zaxxer.hikari.HikariDataSource       : HikariPool-1 - Starting...
2024-09-16T23:47:16.096+07:00  INFO 27860 --- [Aplikasi APIstudycase Springbeaidil] [main] com.zaxxer.hikari.pool.HikariPool        : HikariPool-1 - Added connection com.mysql.cj.jdbc.ConnectionImpl@306bf4c3
2024-09-16T23:47:16.099+07:00  INFO 27860 --- [Aplikasi APIstudycase Springbeaidil] [main] com.zaxxer.hikari.HikariDataSource       : HikariPool-1 - Start completed.
2024-09-16T23:47:17.429+07:00  INFO 27860 --- [Aplikasi APIstudycase Springbeaidil] [main] o.h.e.t.j.p.i.JtaPlatformInitiator       : HHH000489: No JTA platform available (set 'hibernate.transaction.jta.platform' to enable JTA platform integration)
2024-09-16T23:47:17.486+07:00  INFO 27860 --- [Aplikasi APIstudycase Springbeaidil] [main] j.LocalContainerEntityManagerFactoryBean : Initialized JPA EntityManagerFactory for persistence unit 'default'
2024-09-16T23:47:17.620+07:00  WARN 27860 --- [Aplikasi APIstudycase Springbeaidil] [main] JpaBaseConfiguration$JpaWebConfiguration : spring.jpa.open-in-view is enabled by default. Therefore, database queries may be performed during view rendering. Explicitly configure spring.jpa.open-in-view to disable this warning
2024-09-16T23:47:18.556+07:00  INFO 27860 --- [Aplikasi APIstudycase Springbeaidil] [main] o.a.c.c.C.[Tomcat].[localhost].[/]       : Initializing Spring TestDispatcherServlet ''
2024-09-16T23:47:18.556+07:00  INFO 27860 --- [Aplikasi APIstudycase Springbeaidil] [main] o.s.t.web.servlet.TestDispatcherServlet  : Initializing Servlet ''
2024-09-16T23:47:18.558+07:00  INFO 27860 --- [Aplikasi APIstudycase Springbeaidil] [main] o.s.t.web.servlet.TestDispatcherServlet  : Completed initialization in 1 ms
2024-09-16T23:47:18.640+07:00  INFO 27860 --- [Aplikasi APIstudycase Springbeaidil] [main] o.s.b.w.embedded.tomcat.TomcatWebServer  : Tomcat started on port 65442 (http) with context path '/'
2024-09-16T23:47:18.654+07:00  INFO 27860 --- [Aplikasi APIstudycase Springbeaidil] [main] s.s.controller.AccountControllerTest     : Started AccountControllerTest in 7.835 seconds (process running for 9.575)
2024-09-16T23:47:18.914+07:00  INFO 27860 --- [Aplikasi APIstudycase Springbeaidil] [SpringApplicationShutdownHook] j.LocalContainerEntityManagerFactoryBean : Closing JPA EntityManagerFactory for persistence unit 'default'
2024-09-16T23:47:18.917+07:00  INFO 27860 --- [Aplikasi APIstudycase Springbeaidil] [SpringApplicationShutdownHook] com.zaxxer.hikari.HikariDataSource       : HikariPool-1 - Shutdown initiated...
2024-09-16T23:47:18.937+07:00  INFO 27860 --- [Aplikasi APIstudycase Springbeaidil] [SpringApplicationShutdownHook] com.zaxxer.hikari.HikariDataSource       : HikariPool-1 - Shutdown completed.
